00:29:42.656 [main] INFO  issuemanagertestcases.LoginPageTestCases - url opened
00:30:47.732 [main] INFO  issuemanagertestcases.LoginPageTestCases - url opened
00:31:46.763 [main] INFO  issuemanagertestcases.LoginPageTestCases - url opened
00:32:44.104 [main] INFO  issuemanagertestcases.LoginPageTestCases - url opened
00:32:48.883 [main] INFO  issuemanagertestcases.LoginPageTestCases - username entered
00:32:49.433 [main] INFO  issuemanagertestcases.LoginPageTestCases - Password
10:10:14.772 [main] INFO  issuemanagertestcases.LoginPageTestCases - url opened
10:10:57.270 [main] INFO  issuemanagertestcases.LoginPageTestCases - url opened
10:11:02.039 [main] INFO  issuemanagertestcases.LoginPageTestCases - username entered
10:11:02.898 [main] INFO  issuemanagertestcases.LoginPageTestCases - Password entered
12:10:49.268 [main] INFO  issuemanagertestcases.LoginPageTestCases - url opened
12:11:41.981 [main] INFO  issuemanagertestcases.LoginPageTestCases - url opened
12:14:34.126 [main] INFO  issuemanagertestcases.LoginPageTestCases - url opened
12:14:48.439 [main] INFO  issuemanagertestcases.LoginPageTestCases - url opened
12:15:02.590 [main] INFO  issuemanagertestcases.LoginPageTestCases - url opened
12:17:00.391 [main] INFO  issuemanagertestcases.LoginPageTestCases - url opened
12:17:07.333 [main] INFO  issuemanagertestcases.LoginPageTestCases - username entered
12:17:08.412 [main] INFO  issuemanagertestcases.LoginPageTestCases - Password entered
12:17:13.823 [main] INFO  issuemanagertestcases.LoginPageTestCases - url opened
12:17:18.732 [main] INFO  issuemanagertestcases.LoginPageTestCases - username entered
12:17:19.411 [main] INFO  issuemanagertestcases.LoginPageTestCases - Password entered
00:24:43.146 [main] INFO  issuemanagertestcases.LoginPageTestCases - url opened
00:24:57.935 [main] INFO  issuemanagertestcases.LoginPageTestCases - url opened
00:25:12.708 [main] INFO  issuemanagertestcases.LoginPageTestCases - url opened
00:34:31.233 [main] INFO  issuemanagertestcases.LoginPageTestCases - url opened
00:34:45.924 [main] INFO  issuemanagertestcases.LoginPageTestCases - url opened
00:34:50.531 [main] INFO  issuemanagertestcases.LoginPageTestCases - username entered
00:34:50.870 [main] INFO  issuemanagertestcases.LoginPageTestCases - Password entered
00:34:55.309 [main] INFO  issuemanagertestcases.LoginPageTestCases - url opened
00:34:59.690 [main] INFO  issuemanagertestcases.LoginPageTestCases - username entered
00:35:00.148 [main] INFO  issuemanagertestcases.LoginPageTestCases - Password entered
00:38:41.013 [main] INFO  issuemanagertestcases.LoginPageTestCases - url opened
00:38:45.629 [main] INFO  issuemanagertestcases.LoginPageTestCases - username entered
00:38:45.983 [main] INFO  issuemanagertestcases.LoginPageTestCases - Password entered
00:38:50.331 [main] INFO  issuemanagertestcases.LoginPageTestCases - url opened
00:38:54.707 [main] INFO  issuemanagertestcases.LoginPageTestCases - username entered
00:38:55.017 [main] INFO  issuemanagertestcases.LoginPageTestCases - Password entered
00:38:56.504 [main] INFO  issuemanagertestcases.LoginPageTestCases - url opened
00:39:01.152 [main] INFO  issuemanagertestcases.LoginPageTestCases - username entered
00:39:01.599 [main] INFO  issuemanagertestcases.LoginPageTestCases - Password entered
00:40:31.217 [main] INFO  issuemanagertestcases.LoginPageTestCases - url opened
00:40:45.603 [main] INFO  issuemanagertestcases.LoginPageTestCases - url opened
00:40:59.788 [main] INFO  issuemanagertestcases.LoginPageTestCases - url opened
11:52:45.572 [main] INFO  issuemanagertestcases.LoginPageTestCases - url opened
11:52:50.483 [main] INFO  issuemanagertestcases.LoginPageTestCases - username entered
11:52:51.149 [main] INFO  issuemanagertestcases.LoginPageTestCases - Password entered
11:52:55.746 [main] INFO  issuemanagertestcases.LoginPageTestCases - url opened
11:53:00.249 [main] INFO  issuemanagertestcases.LoginPageTestCases - username entered
11:53:00.740 [main] INFO  issuemanagertestcases.LoginPageTestCases - Password entered
11:53:02.226 [main] INFO  issuemanagertestcases.LoginPageTestCases - url opened
11:56:14.609 [main] INFO  issuemanagertestcases.LoginPageTestCases - url opened
10:22:20.864 [main] INFO  issuemanagertestcases.LoginPageTestCases - url opened
10:22:25.480 [main] INFO  issuemanagertestcases.LoginPageTestCases - username entered
10:22:25.843 [main] INFO  issuemanagertestcases.LoginPageTestCases - Password entered
10:22:30.245 [main] INFO  issuemanagertestcases.LoginPageTestCases - url opened
10:22:34.620 [main] INFO  issuemanagertestcases.LoginPageTestCases - username entered
10:22:34.977 [main] INFO  issuemanagertestcases.LoginPageTestCases - Password entered
10:22:39.305 [main] INFO  issuemanagertestcases.LoginPageTestCases - url opened
10:22:43.622 [main] INFO  issuemanagertestcases.LoginPageTestCases - username entered
10:22:44.122 [main] INFO  issuemanagertestcases.LoginPageTestCases - Password entered
10:35:10.689 [main] INFO  issuemanagertestcases.LoginPageTestCases - url opened
10:35:15.480 [main] INFO  issuemanagertestcases.LoginPageTestCases - username entered
10:35:15.939 [main] INFO  issuemanagertestcases.LoginPageTestCases - Password entered
10:35:20.313 [main] INFO  issuemanagertestcases.LoginPageTestCases - url opened
10:35:24.751 [main] INFO  issuemanagertestcases.LoginPageTestCases - username entered
10:35:25.044 [main] INFO  issuemanagertestcases.LoginPageTestCases - Password entered
10:35:29.370 [main] INFO  issuemanagertestcases.LoginPageTestCases - url opened
10:35:33.689 [main] INFO  issuemanagertestcases.LoginPageTestCases - username entered
10:35:34.048 [main] INFO  issuemanagertestcases.LoginPageTestCases - Password entered
11:01:01.588 [main] INFO  issuemanagertestcases.LoginPageTestCases - url opened
11:01:13.857 [main] INFO  issuemanagertestcases.LoginPageTestCases - username entered
11:01:14.405 [main] INFO  issuemanagertestcases.LoginPageTestCases - Password entered
11:01:19.280 [main] INFO  issuemanagertestcases.LoginPageTestCases - url opened
11:01:23.761 [main] INFO  issuemanagertestcases.LoginPageTestCases - username entered
11:01:24.093 [main] INFO  issuemanagertestcases.LoginPageTestCases - Password entered
11:01:25.540 [main] INFO  issuemanagertestcases.LoginPageTestCases - url opened
11:01:29.910 [main] INFO  issuemanagertestcases.LoginPageTestCases - username entered
11:01:30.482 [main] INFO  issuemanagertestcases.LoginPageTestCases - Password entered
11:10:59.220 [main] INFO  issuemanagertestcases.LoginPageTestCases - url opened
11:11:04.492 [main] INFO  issuemanagertestcases.LoginPageTestCases - username entered
11:11:05.582 [main] INFO  issuemanagertestcases.LoginPageTestCases - Password entered
11:11:10.523 [main] INFO  issuemanagertestcases.LoginPageTestCases - url opened
11:11:14.874 [main] INFO  issuemanagertestcases.LoginPageTestCases - username entered
11:11:15.199 [main] INFO  issuemanagertestcases.LoginPageTestCases - Password entered
11:11:19.500 [main] INFO  issuemanagertestcases.LoginPageTestCases - url opened
11:11:24.103 [main] INFO  issuemanagertestcases.LoginPageTestCases - username entered
11:11:24.455 [main] INFO  issuemanagertestcases.LoginPageTestCases - Password entered
23:49:30.404 [main] INFO  issuemanagertestcases.LoginPageTestCases - url opened
23:49:35.819 [main] INFO  issuemanagertestcases.LoginPageTestCases - username entered
23:49:36.655 [main] INFO  issuemanagertestcases.LoginPageTestCases - Password entered
23:49:41.282 [main] INFO  issuemanagertestcases.LoginPageTestCases - url opened
23:49:45.638 [main] INFO  issuemanagertestcases.LoginPageTestCases - username entered
23:49:46.128 [main] INFO  issuemanagertestcases.LoginPageTestCases - Password entered
11:25:32.171 [main] INFO  issuemanagertestcases.LoginPageTestCases - url opened
11:27:48.206 [main] INFO  issuemanagertestcases.LoginPageTestCases - url opened
11:27:53.210 [main] INFO  issuemanagertestcases.LoginPageTestCases - username entered
11:27:53.739 [main] INFO  issuemanagertestcases.LoginPageTestCases - Password entered
11:27:58.674 [main] INFO  issuemanagertestcases.LoginPageTestCases - url opened
11:28:03.342 [main] INFO  issuemanagertestcases.LoginPageTestCases - username entered
11:28:03.816 [main] INFO  issuemanagertestcases.LoginPageTestCases - Password entered
11:28:08.269 [main] INFO  issuemanagertestcases.LoginPageTestCases - url opened
19:20:42.531 [main] INFO  issuemanagertestcases.LoginPageTestCases - url opened
19:20:51.674 [main] INFO  issuemanagertestcases.LoginPageTestCases - Clicked on Bookservice button
19:57:08.163 [main] INFO  issuemanagertestcases.LoginPageTestCases - url opened
19:57:17.306 [main] INFO  issuemanagertestcases.LoginPageTestCases - Clicked on Bookservice button
19:08:49.769 [main] INFO  issuemanagertestcases.LoginPageTestCases - url opened
19:08:58.058 [main] INFO  issuemanagertestcases.LoginPageTestCases - Clicked on Bookservice button
22:06:32.351 [main] INFO  issuemanagertestcases.LoginPageTestCases - url opened
22:06:40.605 [main] INFO  issuemanagertestcases.LoginPageTestCases - Clicked on Bookservice button
22:15:27.356 [main] INFO  issuemanagertestcases.LoginPageTestCases - url opened
22:15:35.768 [main] INFO  issuemanagertestcases.LoginPageTestCases - Mobile number Entered
22:15:35.967 [main] INFO  issuemanagertestcases.LoginPageTestCases - OTP sent
22:47:06.622 [main] INFO  issuemanagertestcases.LoginPageTestCases - url opened
22:47:14.945 [main] INFO  issuemanagertestcases.LoginPageTestCases - Mobile number Entered
22:47:15.064 [main] INFO  issuemanagertestcases.LoginPageTestCases - OTP sent
22:48:56.271 [main] INFO  issuemanagertestcases.LoginPageTestCases - url opened
22:49:04.636 [main] INFO  issuemanagertestcases.LoginPageTestCases - Mobile number Entered
22:49:04.807 [main] INFO  issuemanagertestcases.LoginPageTestCases - OTP sent
22:51:14.241 [main] INFO  issuemanagertestcases.LoginPageTestCases - url opened
22:51:22.548 [main] INFO  issuemanagertestcases.LoginPageTestCases - Mobile number Entered
22:51:22.671 [main] INFO  issuemanagertestcases.LoginPageTestCases - OTP sent
23:34:21.071 [main] INFO  issuemanagertestcases.LoginPageTestCases - url opened
23:34:29.359 [main] INFO  issuemanagertestcases.LoginPageTestCases - Mobile number Entered
23:34:29.502 [main] INFO  issuemanagertestcases.LoginPageTestCases - OTP sent
23:39:07.882 [main] INFO  issuemanagertestcases.LoginPageTestCases - url opened
23:39:16.164 [main] INFO  issuemanagertestcases.LoginPageTestCases - Mobile number Entered
23:39:16.299 [main] INFO  issuemanagertestcases.LoginPageTestCases - OTP sent
23:42:45.468 [main] INFO  issuemanagertestcases.LoginPageTestCases - url opened
23:42:53.854 [main] INFO  issuemanagertestcases.LoginPageTestCases - Mobile number Entered
23:42:54.028 [main] INFO  issuemanagertestcases.LoginPageTestCases - OTP sent
23:49:20.478 [main] INFO  issuemanagertestcases.LoginPageTestCases - url opened
23:49:28.829 [main] INFO  issuemanagertestcases.LoginPageTestCases - Mobile number Entered
23:49:28.999 [main] INFO  issuemanagertestcases.LoginPageTestCases - OTP sent
23:51:24.595 [main] INFO  issuemanagertestcases.LoginPageTestCases - url opened
23:51:32.944 [main] INFO  issuemanagertestcases.LoginPageTestCases - Mobile number Entered
23:51:33.088 [main] INFO  issuemanagertestcases.LoginPageTestCases - OTP sent
21:37:21.269 [main] INFO  issuemanagertestcases.LoginPageTestCases - url opened
21:37:29.977 [main] INFO  issuemanagertestcases.LoginPageTestCases - Mobile number Entered
21:37:30.191 [main] INFO  issuemanagertestcases.LoginPageTestCases - OTP sent
21:49:46.085 [main] INFO  issuemanagertestcases.LoginPageTestCases - url opened
21:49:54.652 [main] INFO  issuemanagertestcases.LoginPageTestCases - Mobile number Entered
21:49:54.878 [main] INFO  issuemanagertestcases.LoginPageTestCases - OTP sent
22:05:23.415 [main] INFO  issuemanagertestcases.LoginPageTestCases - url opened
22:05:32.121 [main] INFO  issuemanagertestcases.LoginPageTestCases - Mobile number Entered
22:05:32.413 [main] INFO  issuemanagertestcases.LoginPageTestCases - OTP sent
22:12:00.738 [main] INFO  issuemanagertestcases.LoginPageTestCases - url opened
22:12:09.233 [main] INFO  issuemanagertestcases.LoginPageTestCases - Mobile number Entered
22:12:09.456 [main] INFO  issuemanagertestcases.LoginPageTestCases - OTP sent
22:17:23.302 [main] INFO  issuemanagertestcases.LoginPageTestCases - url opened
22:17:32.017 [main] INFO  issuemanagertestcases.LoginPageTestCases - Mobile number Entered
22:17:32.319 [main] INFO  issuemanagertestcases.LoginPageTestCases - OTP sent
22:21:01.429 [main] INFO  issuemanagertestcases.LoginPageTestCases - url opened
22:21:09.926 [main] INFO  issuemanagertestcases.LoginPageTestCases - Mobile number Entered
22:21:10.133 [main] INFO  issuemanagertestcases.LoginPageTestCases - OTP sent
22:24:04.161 [main] INFO  issuemanagertestcases.LoginPageTestCases - url opened
22:24:12.679 [main] INFO  issuemanagertestcases.LoginPageTestCases - Mobile number Entered
22:43:25.531 [main] INFO  issuemanagertestcases.LoginPageTestCases - url opened
22:43:34.059 [main] INFO  issuemanagertestcases.LoginPageTestCases - Mobile number Entered
22:43:34.287 [main] INFO  issuemanagertestcases.LoginPageTestCases - OTP sent
22:45:56.988 [main] INFO  issuemanagertestcases.LoginPageTestCases - url opened
22:46:05.850 [main] INFO  issuemanagertestcases.LoginPageTestCases - Mobile number Entered
22:46:06.190 [main] INFO  issuemanagertestcases.LoginPageTestCases - OTP sent
23:09:43.240 [main] INFO  issuemanagertestcases.LoginPageTestCases - url opened
23:09:52.420 [main] INFO  issuemanagertestcases.LoginPageTestCases - Mobile number Entered
23:09:52.955 [main] INFO  issuemanagertestcases.LoginPageTestCases - OTP sent
23:16:49.365 [main] INFO  issuemanagertestcases.LoginPageTestCases - url opened
23:16:58.151 [main] INFO  issuemanagertestcases.LoginPageTestCases - Mobile number Entered
23:16:58.488 [main] INFO  issuemanagertestcases.LoginPageTestCases - OTP sent
23:22:28.923 [main] INFO  issuemanagertestcases.LoginPageTestCases - url opened
23:22:37.816 [main] INFO  issuemanagertestcases.LoginPageTestCases - Mobile number Entered
23:22:38.176 [main] INFO  issuemanagertestcases.LoginPageTestCases - OTP sent
23:29:58.202 [main] INFO  issuemanagertestcases.LoginPageTestCases - url opened
23:30:07.878 [main] INFO  issuemanagertestcases.LoginPageTestCases - Mobile number Entered
23:30:08.477 [main] INFO  issuemanagertestcases.LoginPageTestCases - OTP sent
23:31:57.314 [main] INFO  issuemanagertestcases.LoginPageTestCases - url opened
23:32:06.194 [main] INFO  issuemanagertestcases.LoginPageTestCases - Mobile number Entered
23:32:06.500 [main] INFO  issuemanagertestcases.LoginPageTestCases - OTP sent
23:42:55.942 [main] INFO  issuemanagertestcases.LoginPageTestCases - url opened
23:43:05.175 [main] INFO  issuemanagertestcases.LoginPageTestCases - Mobile number Entered
23:43:05.769 [main] INFO  issuemanagertestcases.LoginPageTestCases - OTP sent
23:48:09.026 [main] INFO  issuemanagertestcases.LoginPageTestCases - url opened
23:48:17.941 [main] INFO  issuemanagertestcases.LoginPageTestCases - Mobile number Entered
23:48:18.269 [main] INFO  issuemanagertestcases.LoginPageTestCases - OTP sent
23:53:07.496 [main] INFO  issuemanagertestcases.LoginPageTestCases - url opened
23:53:16.394 [main] INFO  issuemanagertestcases.LoginPageTestCases - Mobile number Entered
23:53:16.803 [main] INFO  issuemanagertestcases.LoginPageTestCases - OTP sent
23:59:25.454 [main] INFO  issuemanagertestcases.LoginPageTestCases - url opened
23:59:34.184 [main] INFO  issuemanagertestcases.LoginPageTestCases - Mobile number Entered
23:59:34.504 [main] INFO  issuemanagertestcases.LoginPageTestCases - OTP sent
00:01:45.426 [main] INFO  issuemanagertestcases.LoginPageTestCases - url opened
00:01:54.334 [main] INFO  issuemanagertestcases.LoginPageTestCases - Mobile number Entered
00:01:54.676 [main] INFO  issuemanagertestcases.LoginPageTestCases - OTP sent
00:06:38.633 [main] INFO  issuemanagertestcases.LoginPageTestCases - url opened
00:06:47.372 [main] INFO  issuemanagertestcases.LoginPageTestCases - Mobile number Entered
00:06:47.750 [main] INFO  issuemanagertestcases.LoginPageTestCases - OTP sent
21:27:34.061 [main] INFO  issuemanagertestcases.LoginPageTestCases - url opened
21:30:30.110 [main] INFO  issuemanagertestcases.LoginPageTestCases - url opened
21:37:32.965 [main] INFO  issuemanagertestcases.LoginPageTestCases - url opened
21:43:50.460 [main] INFO  issuemanagertestcases.LoginPageTestCases - url opened
21:47:36.168 [main] INFO  issuemanagertestcases.LoginPageTestCases - url opened
21:51:55.679 [main] INFO  issuemanagertestcases.LoginPageTestCases - url opened
22:07:06.584 [main] INFO  issuemanagertestcases.LoginPageTestCases - url opened
22:14:13.153 [main] INFO  issuemanagertestcases.LoginPageTestCases - url opened
22:24:16.212 [main] INFO  issuemanagertestcases.LoginPageTestCases - url opened
22:26:27.225 [main] INFO  issuemanagertestcases.LoginPageTestCases - url opened
22:26:32.020 [main] INFO  issuemanagertestcases.LoginPageTestCases - Mobile number Entered
22:28:23.591 [main] INFO  issuemanagertestcases.LoginPageTestCases - url opened
22:28:24.362 [main] INFO  issuemanagertestcases.LoginPageTestCases - Mobile number Entered
22:28:25.235 [main] INFO  issuemanagertestcases.LoginPageTestCases - OTP sent
00:17:28.415 [main] INFO  issuemanagertestcases.LoginPageTestCases - url opened
00:17:29.039 [main] INFO  issuemanagertestcases.LoginPageTestCases - Mobile number Entered
00:17:29.738 [main] INFO  issuemanagertestcases.LoginPageTestCases - OTP sent
00:28:31.620 [main] INFO  issuemanagertestcases.LoginPageTestCases - url opened
00:30:26.744 [main] INFO  issuemanagertestcases.LoginPageTestCases - url opened
00:30:27.301 [main] INFO  issuemanagertestcases.LoginPageTestCases - Mobile number Entered
00:30:27.651 [main] INFO  issuemanagertestcases.LoginPageTestCases - OTP sent
00:34:09.197 [main] INFO  issuemanagertestcases.LoginPageTestCases - url opened
00:34:10.451 [main] INFO  issuemanagertestcases.LoginPageTestCases - Mobile number Entered
00:34:11.562 [main] INFO  issuemanagertestcases.LoginPageTestCases - OTP sent
00:45:53.365 [main] INFO  issuemanagertestcases.LoginPageTestCases - url opened
00:45:53.925 [main] INFO  issuemanagertestcases.LoginPageTestCases - Mobile number Entered
00:45:54.194 [main] INFO  issuemanagertestcases.LoginPageTestCases - OTP sent
01:08:08.332 [main] INFO  issuemanagertestcases.LoginPageTestCases - url opened
01:08:08.910 [main] INFO  issuemanagertestcases.LoginPageTestCases - Mobile number Entered
01:08:09.137 [main] INFO  issuemanagertestcases.LoginPageTestCases - OTP sent
